<?xml version="1.0" encoding="UTF-8"?>
<!-- Generated by org.testng.reporters.JUnitXMLReporter -->
<testsuite ignored="0" hostname="Admin-PC" failures="0" tests="3" name="Test" time="31.241" errors="0" timestamp="2021-02-06T12:00:12 IST">
  <testcase classname="com.qa.testcases.CreateDailyTasks" name="enter_daily_tasks" time="2.724"/>
  <testcase classname="com.qa.testcases.EditDailyTasksadd" name="enter_daily_tasks" time="3.991"/>
  <testcase classname="com.qa.testcases.EditDailyTasksDelete" name="delete_daily_tasks" time="3.538"/>
</testsuite> <!-- Test -->
