<?xml version="1.0" encoding="UTF-8"?>
<testng-results ignored="0" total="1" passed="1" failed="0" skipped="0">
  <reporter-output>
  </reporter-output>
  <suite started-at="2021-02-06T15:14:39 IST" name="Default suite" finished-at="2021-02-06T15:14:58 IST" duration-ms="19071">
    <groups>
    </groups>
    <test started-at="2021-02-06T15:14:39 IST" name="Default test" finished-at="2021-02-06T15:14:58 IST" duration-ms="19071">
      <class name="com.qa.testcases.VerifyTaskStatusUpdates">
        <test-method is-config="true" signature="before()[pri:0, instance:com.qa.testcases.VerifyTaskStatusUpdates@649bec2e]" started-at="2021-02-06T15:14:39 IST" name="before" finished-at="2021-02-06T15:14:54 IST" duration-ms="15595" status="PASS">
          <reporter-output>
          </reporter-output>
        </test-method> <!-- before -->
        <test-method signature="VerifyTasksStatus()[pri:0, instance:com.qa.testcases.VerifyTaskStatusUpdates@649bec2e]" started-at="2021-02-06T15:14:54 IST" name="VerifyTasksStatus" finished-at="2021-02-06T15:14:58 IST" duration-ms="3171" status="PASS">
          <reporter-output>
          </reporter-output>
        </test-method> <!-- VerifyTasksStatus -->
        <test-method is-config="true" signature="after()[pri:0, instance:com.qa.testcases.VerifyTaskStatusUpdates@649bec2e]" started-at="2021-02-06T15:14:58 IST" name="after" finished-at="2021-02-06T15:14:58 IST" duration-ms="238" status="PASS">
          <reporter-output>
          </reporter-output>
        </test-method> <!-- after -->
      </class> <!-- com.qa.testcases.VerifyTaskStatusUpdates -->
    </test> <!-- Default test -->
  </suite> <!-- Default suite -->
</testng-results>
