<?xml version="1.0" encoding="UTF-8"?>
<testng-results ignored="0" total="1" passed="1" failed="0" skipped="0">
  <reporter-output>
  </reporter-output>
  <suite started-at="2021-02-08T22:44:10 IST" name="Default suite" finished-at="2021-02-08T22:44:21 IST" duration-ms="11075">
    <groups>
    </groups>
    <test started-at="2021-02-08T22:44:10 IST" name="Default test" finished-at="2021-02-08T22:44:21 IST" duration-ms="11075">
      <class name="com.qa.testcases.CreateDailyTasks">
        <test-method is-config="true" signature="before()[pri:0, instance:com.qa.testcases.CreateDailyTasks@c430e6c]" started-at="2021-02-08T22:44:10 IST" name="before" finished-at="2021-02-08T22:44:18 IST" duration-ms="7398" status="PASS">
          <reporter-output>
          </reporter-output>
        </test-method> <!-- before -->
        <test-method signature="enter_daily_tasks()[pri:0, instance:com.qa.testcases.CreateDailyTasks@c430e6c]" started-at="2021-02-08T22:44:18 IST" name="enter_daily_tasks" finished-at="2021-02-08T22:44:21 IST" duration-ms="3038" status="PASS">
          <reporter-output>
          </reporter-output>
        </test-method> <!-- enter_daily_tasks -->
        <test-method is-config="true" signature="after()[pri:0, instance:com.qa.testcases.CreateDailyTasks@c430e6c]" started-at="2021-02-08T22:44:21 IST" name="after" finished-at="2021-02-08T22:44:21 IST" duration-ms="572" status="PASS">
          <reporter-output>
          </reporter-output>
        </test-method> <!-- after -->
      </class> <!-- com.qa.testcases.CreateDailyTasks -->
    </test> <!-- Default test -->
  </suite> <!-- Default suite -->
</testng-results>
